e: 0 loss: -1.000 train_err: -1.000 test_top1: 90.000
e: 1 loss: 1.690 train_err: 64.034 test_top1: 61.210
e: 2 loss: 1.120 train_err: 40.328 test_top1: 45.980
e: 3 loss: 0.888 train_err: 31.416 test_top1: 35.600
e: 4 loss: 0.750 train_err: 26.128 test_top1: 30.900
e: 5 loss: 0.668 train_err: 23.178 test_top1: 24.240
e: 6 loss: 0.621 train_err: 21.376 test_top1: 34.950
e: 7 loss: 0.587 train_err: 20.304 test_top1: 27.980
e: 8 loss: 0.563 train_err: 19.286 test_top1: 24.520
e: 9 loss: 0.544 train_err: 18.714 test_top1: 26.130
e: 10 loss: 0.526 train_err: 18.026 test_top1: 29.190
e: 11 loss: 0.511 train_err: 17.600 test_top1: 24.820
e: 12 loss: 0.505 train_err: 17.422 test_top1: 21.410
e: 13 loss: 0.496 train_err: 16.912 test_top1: 25.030
e: 14 loss: 0.476 train_err: 16.384 test_top1: 19.750
e: 15 loss: 0.477 train_err: 16.286 test_top1: 24.280
e: 16 loss: 0.471 train_err: 15.980 test_top1: 19.550
e: 17 loss: 0.464 train_err: 15.970 test_top1: 18.270
e: 18 loss: 0.454 train_err: 15.546 test_top1: 24.790
e: 19 loss: 0.450 train_err: 15.392 test_top1: 24.120
e: 20 loss: 0.447 train_err: 15.362 test_top1: 19.190
e: 21 loss: 0.446 train_err: 15.240 test_top1: 18.780
e: 22 loss: 0.437 train_err: 14.916 test_top1: 18.780
e: 23 loss: 0.438 train_err: 15.222 test_top1: 18.830
e: 24 loss: 0.430 train_err: 14.900 test_top1: 18.430
e: 25 loss: 0.427 train_err: 14.626 test_top1: 24.060
e: 26 loss: 0.426 train_err: 14.678 test_top1: 24.680
e: 27 loss: 0.423 train_err: 14.474 test_top1: 21.950
e: 28 loss: 0.423 train_err: 14.532 test_top1: 24.510
e: 29 loss: 0.421 train_err: 14.332 test_top1: 22.620
e: 30 loss: 0.416 train_err: 14.298 test_top1: 32.420
e: 31 loss: 0.413 train_err: 14.064 test_top1: 23.210
e: 32 loss: 0.412 train_err: 14.050 test_top1: 19.900
e: 33 loss: 0.407 train_err: 13.930 test_top1: 20.080
e: 34 loss: 0.408 train_err: 14.016 test_top1: 21.300
e: 35 loss: 0.405 train_err: 13.866 test_top1: 26.860
e: 36 loss: 0.401 train_err: 13.628 test_top1: 21.520
e: 37 loss: 0.403 train_err: 13.716 test_top1: 17.400
e: 38 loss: 0.401 train_err: 13.718 test_top1: 20.860
e: 39 loss: 0.397 train_err: 13.642 test_top1: 19.810
e: 40 loss: 0.398 train_err: 13.658 test_top1: 24.000
e: 41 loss: 0.397 train_err: 13.658 test_top1: 20.370
e: 42 loss: 0.399 train_err: 13.828 test_top1: 24.010
e: 43 loss: 0.390 train_err: 13.306 test_top1: 20.190
e: 44 loss: 0.392 train_err: 13.400 test_top1: 21.880
e: 45 loss: 0.393 train_err: 13.438 test_top1: 28.430
e: 46 loss: 0.390 train_err: 13.340 test_top1: 25.120
e: 47 loss: 0.388 train_err: 13.124 test_top1: 20.920
e: 48 loss: 0.390 train_err: 13.370 test_top1: 16.240
e: 49 loss: 0.384 train_err: 13.140 test_top1: 18.550
e: 50 loss: 0.387 train_err: 13.194 test_top1: 17.510
e: 51 loss: 0.382 train_err: 13.052 test_top1: 14.970
e: 52 loss: 0.386 train_err: 13.164 test_top1: 19.960
e: 53 loss: 0.383 train_err: 13.192 test_top1: 15.980
e: 54 loss: 0.386 train_err: 13.246 test_top1: 16.390
e: 55 loss: 0.378 train_err: 12.968 test_top1: 16.240
e: 56 loss: 0.378 train_err: 12.860 test_top1: 19.140
e: 57 loss: 0.382 train_err: 13.130 test_top1: 18.780
e: 58 loss: 0.380 train_err: 13.088 test_top1: 17.950
e: 59 loss: 0.387 train_err: 13.304 test_top1: 18.960
e: 60 loss: 0.379 train_err: 12.910 test_top1: 19.180
e: 61 loss: 0.378 train_err: 12.936 test_top1: 23.340
e: 62 loss: 0.379 train_err: 12.910 test_top1: 15.410
e: 63 loss: 0.380 train_err: 12.998 test_top1: 19.420
e: 64 loss: 0.383 train_err: 12.952 test_top1: 16.920
e: 65 loss: 0.374 train_err: 12.742 test_top1: 25.920
e: 66 loss: 0.380 train_err: 12.942 test_top1: 26.220
e: 67 loss: 0.369 train_err: 12.704 test_top1: 16.120
e: 68 loss: 0.379 train_err: 13.098 test_top1: 16.710
e: 69 loss: 0.368 train_err: 12.394 test_top1: 18.600
e: 70 loss: 0.378 train_err: 12.802 test_top1: 20.370
e: 71 loss: 0.371 train_err: 12.640 test_top1: 19.860
e: 72 loss: 0.377 train_err: 12.824 test_top1: 18.150
e: 73 loss: 0.371 train_err: 12.814 test_top1: 20.520
e: 74 loss: 0.374 train_err: 12.786 test_top1: 17.080
e: 75 loss: 0.371 train_err: 12.622 test_top1: 19.410
e: 76 loss: 0.372 train_err: 12.708 test_top1: 17.350
e: 77 loss: 0.376 train_err: 12.866 test_top1: 16.730
e: 78 loss: 0.370 train_err: 12.646 test_top1: 16.090
e: 79 loss: 0.371 train_err: 12.778 test_top1: 16.500
e: 80 loss: 0.368 train_err: 12.604 test_top1: 16.960
e: 81 loss: 0.370 train_err: 12.630 test_top1: 20.600
e: 82 loss: 0.372 train_err: 12.788 test_top1: 17.450
e: 83 loss: 0.371 train_err: 12.730 test_top1: 17.830
e: 84 loss: 0.368 train_err: 12.552 test_top1: 20.880
e: 85 loss: 0.371 train_err: 12.816 test_top1: 19.650
e: 86 loss: 0.367 train_err: 12.660 test_top1: 24.010
e: 87 loss: 0.377 train_err: 12.936 test_top1: 21.990
e: 88 loss: 0.369 train_err: 12.630 test_top1: 15.540
e: 89 loss: 0.362 train_err: 12.454 test_top1: 16.620
e: 90 loss: 0.364 train_err: 12.628 test_top1: 14.810
e: 91 loss: 0.365 train_err: 12.562 test_top1: 19.750
e: 92 loss: 0.372 train_err: 12.706 test_top1: 25.400
e: 93 loss: 0.364 train_err: 12.318 test_top1: 19.380
e: 94 loss: 0.369 train_err: 12.600 test_top1: 17.150
e: 95 loss: 0.362 train_err: 12.358 test_top1: 15.080
e: 96 loss: 0.363 train_err: 12.348 test_top1: 16.600
e: 97 loss: 0.363 train_err: 12.494 test_top1: 19.780
e: 98 loss: 0.367 train_err: 12.524 test_top1: 15.280
e: 99 loss: 0.362 train_err: 12.434 test_top1: 16.610
e: 100 loss: 0.365 train_err: 12.486 test_top1: 23.390
e: 101 loss: 0.360 train_err: 12.410 test_top1: 20.980
e: 102 loss: 0.365 train_err: 12.612 test_top1: 17.620
e: 103 loss: 0.366 train_err: 12.552 test_top1: 17.340
e: 104 loss: 0.360 train_err: 12.316 test_top1: 20.260
e: 105 loss: 0.361 train_err: 12.240 test_top1: 16.870
e: 106 loss: 0.365 train_err: 12.414 test_top1: 22.970
e: 107 loss: 0.355 train_err: 12.060 test_top1: 19.490
e: 108 loss: 0.370 train_err: 12.828 test_top1: 16.750
e: 109 loss: 0.361 train_err: 12.420 test_top1: 21.150
e: 110 loss: 0.363 train_err: 12.578 test_top1: 17.360
e: 111 loss: 0.366 train_err: 12.448 test_top1: 19.450
e: 112 loss: 0.362 train_err: 12.440 test_top1: 18.160
e: 113 loss: 0.366 train_err: 12.506 test_top1: 18.900
e: 114 loss: 0.360 train_err: 12.332 test_top1: 22.580
e: 115 loss: 0.361 train_err: 12.298 test_top1: 17.550
e: 116 loss: 0.362 train_err: 12.368 test_top1: 20.070
e: 117 loss: 0.363 train_err: 12.532 test_top1: 17.050
e: 118 loss: 0.357 train_err: 12.184 test_top1: 17.160
e: 119 loss: 0.364 train_err: 12.582 test_top1: 15.710
e: 120 loss: 0.362 train_err: 12.394 test_top1: 16.660
e: 121 loss: 0.361 train_err: 12.212 test_top1: 18.780
e: 122 loss: 0.359 train_err: 12.234 test_top1: 16.950
e: 123 loss: 0.363 train_err: 12.538 test_top1: 16.010
e: 124 loss: 0.360 train_err: 12.316 test_top1: 15.420
e: 125 loss: 0.363 train_err: 12.402 test_top1: 15.730
e: 126 loss: 0.361 train_err: 12.314 test_top1: 16.180
e: 127 loss: 0.363 train_err: 12.462 test_top1: 23.260
e: 128 loss: 0.362 train_err: 12.448 test_top1: 15.220
e: 129 loss: 0.360 train_err: 12.356 test_top1: 18.730
e: 130 loss: 0.364 train_err: 12.594 test_top1: 21.850
e: 131 loss: 0.363 train_err: 12.416 test_top1: 23.600
e: 132 loss: 0.362 train_err: 12.364 test_top1: 15.420
e: 133 loss: 0.360 train_err: 12.230 test_top1: 20.850
e: 134 loss: 0.359 train_err: 12.370 test_top1: 16.170
e: 135 loss: 0.358 train_err: 12.296 test_top1: 20.070
e: 136 loss: 0.356 train_err: 12.070 test_top1: 19.120
e: 137 loss: 0.365 train_err: 12.538 test_top1: 27.830
e: 138 loss: 0.364 train_err: 12.376 test_top1: 16.260
e: 139 loss: 0.356 train_err: 12.162 test_top1: 17.570
e: 140 loss: 0.361 train_err: 12.244 test_top1: 19.060
e: 141 loss: 0.358 train_err: 12.190 test_top1: 17.310
e: 142 loss: 0.360 train_err: 12.338 test_top1: 21.250
e: 143 loss: 0.358 train_err: 12.244 test_top1: 19.200
e: 144 loss: 0.360 train_err: 12.236 test_top1: 16.860
e: 145 loss: 0.362 train_err: 12.372 test_top1: 17.430
e: 146 loss: 0.360 train_err: 12.346 test_top1: 18.430
e: 147 loss: 0.360 train_err: 12.556 test_top1: 18.280
e: 148 loss: 0.357 train_err: 12.092 test_top1: 16.060
e: 149 loss: 0.356 train_err: 12.064 test_top1: 15.490
e: 150 loss: 0.211 train_err: 7.092 test_top1: 8.890
e: 151 loss: 0.164 train_err: 5.456 test_top1: 8.190
e: 152 loss: 0.147 train_err: 4.976 test_top1: 7.880
e: 153 loss: 0.137 train_err: 4.636 test_top1: 7.840
e: 154 loss: 0.124 train_err: 4.206 test_top1: 7.710
e: 155 loss: 0.117 train_err: 4.008 test_top1: 7.730
e: 156 loss: 0.109 train_err: 3.606 test_top1: 7.640
e: 157 loss: 0.105 train_err: 3.530 test_top1: 7.530
e: 158 loss: 0.097 train_err: 3.224 test_top1: 7.510
e: 159 loss: 0.095 train_err: 3.212 test_top1: 7.540
e: 160 loss: 0.091 train_err: 3.062 test_top1: 7.480
e: 161 loss: 0.086 train_err: 2.908 test_top1: 7.530
e: 162 loss: 0.084 train_err: 2.874 test_top1: 7.450
e: 163 loss: 0.081 train_err: 2.750 test_top1: 7.800
e: 164 loss: 0.081 train_err: 2.732 test_top1: 8.150
e: 165 loss: 0.082 train_err: 2.768 test_top1: 8.290
e: 166 loss: 0.078 train_err: 2.644 test_top1: 8.230
e: 167 loss: 0.075 train_err: 2.536 test_top1: 8.470
e: 168 loss: 0.078 train_err: 2.658 test_top1: 8.030
e: 169 loss: 0.074 train_err: 2.516 test_top1: 8.270
e: 170 loss: 0.077 train_err: 2.548 test_top1: 8.090
e: 171 loss: 0.074 train_err: 2.494 test_top1: 8.690
e: 172 loss: 0.077 train_err: 2.622 test_top1: 8.470
e: 173 loss: 0.076 train_err: 2.480 test_top1: 8.580
e: 174 loss: 0.079 train_err: 2.708 test_top1: 8.560
e: 175 loss: 0.081 train_err: 2.762 test_top1: 8.180
e: 176 loss: 0.079 train_err: 2.602 test_top1: 8.170
e: 177 loss: 0.077 train_err: 2.628 test_top1: 8.630
e: 178 loss: 0.080 train_err: 2.620 test_top1: 9.250
e: 179 loss: 0.080 train_err: 2.724 test_top1: 7.940
e: 180 loss: 0.077 train_err: 2.632 test_top1: 8.420
e: 181 loss: 0.078 train_err: 2.614 test_top1: 8.760
e: 182 loss: 0.079 train_err: 2.688 test_top1: 8.810
e: 183 loss: 0.080 train_err: 2.826 test_top1: 8.910
e: 184 loss: 0.081 train_err: 2.670 test_top1: 9.030
e: 185 loss: 0.083 train_err: 2.832 test_top1: 9.350
e: 186 loss: 0.082 train_err: 2.790 test_top1: 9.300
e: 187 loss: 0.079 train_err: 2.710 test_top1: 9.250
e: 188 loss: 0.085 train_err: 2.872 test_top1: 9.530
e: 189 loss: 0.084 train_err: 2.900 test_top1: 9.730
e: 190 loss: 0.081 train_err: 2.728 test_top1: 8.840
e: 191 loss: 0.079 train_err: 2.664 test_top1: 9.420
e: 192 loss: 0.088 train_err: 3.068 test_top1: 9.180
e: 193 loss: 0.079 train_err: 2.668 test_top1: 8.760
e: 194 loss: 0.086 train_err: 3.090 test_top1: 9.100
e: 195 loss: 0.084 train_err: 2.870 test_top1: 9.170
e: 196 loss: 0.081 train_err: 2.728 test_top1: 10.200
e: 197 loss: 0.082 train_err: 2.756 test_top1: 9.520
e: 198 loss: 0.086 train_err: 2.972 test_top1: 9.040
e: 199 loss: 0.080 train_err: 2.744 test_top1: 9.190
e: 200 loss: 0.087 train_err: 2.924 test_top1: 9.350
e: 201 loss: 0.082 train_err: 2.818 test_top1: 8.620
e: 202 loss: 0.083 train_err: 2.800 test_top1: 8.730
e: 203 loss: 0.081 train_err: 2.764 test_top1: 10.760
e: 204 loss: 0.083 train_err: 2.778 test_top1: 8.340
e: 205 loss: 0.081 train_err: 2.730 test_top1: 9.330
e: 206 loss: 0.084 train_err: 2.888 test_top1: 9.280
e: 207 loss: 0.085 train_err: 2.954 test_top1: 8.490
e: 208 loss: 0.078 train_err: 2.624 test_top1: 8.710
e: 209 loss: 0.083 train_err: 2.766 test_top1: 9.110
e: 210 loss: 0.083 train_err: 2.814 test_top1: 10.020
e: 211 loss: 0.080 train_err: 2.780 test_top1: 8.690
e: 212 loss: 0.087 train_err: 2.876 test_top1: 8.960
e: 213 loss: 0.076 train_err: 2.586 test_top1: 8.670
e: 214 loss: 0.082 train_err: 2.734 test_top1: 10.100
e: 215 loss: 0.079 train_err: 2.600 test_top1: 9.590
e: 216 loss: 0.081 train_err: 2.754 test_top1: 8.850
e: 217 loss: 0.079 train_err: 2.634 test_top1: 9.890
e: 218 loss: 0.080 train_err: 2.678 test_top1: 9.730
e: 219 loss: 0.078 train_err: 2.682 test_top1: 8.550
e: 220 loss: 0.076 train_err: 2.574 test_top1: 8.790
e: 221 loss: 0.078 train_err: 2.578 test_top1: 9.710
e: 222 loss: 0.077 train_err: 2.648 test_top1: 9.680
e: 223 loss: 0.080 train_err: 2.742 test_top1: 9.270
e: 224 loss: 0.082 train_err: 2.794 test_top1: 11.030
e: 225 loss: 0.039 train_err: 1.174 test_top1: 7.040
e: 226 loss: 0.025 train_err: 0.698 test_top1: 6.860
e: 227 loss: 0.021 train_err: 0.512 test_top1: 6.820
e: 228 loss: 0.018 train_err: 0.440 test_top1: 6.540
e: 229 loss: 0.016 train_err: 0.380 test_top1: 6.470
e: 230 loss: 0.015 train_err: 0.366 test_top1: 6.580
e: 231 loss: 0.013 train_err: 0.288 test_top1: 6.720
e: 232 loss: 0.013 train_err: 0.294 test_top1: 6.470
e: 233 loss: 0.012 train_err: 0.290 test_top1: 6.560
e: 234 loss: 0.011 train_err: 0.240 test_top1: 6.630
e: 235 loss: 0.011 train_err: 0.214 test_top1: 6.500
e: 236 loss: 0.010 train_err: 0.220 test_top1: 6.570
e: 237 loss: 0.010 train_err: 0.208 test_top1: 6.510
e: 238 loss: 0.009 train_err: 0.176 test_top1: 6.490
e: 239 loss: 0.009 train_err: 0.186 test_top1: 6.460
e: 240 loss: 0.008 train_err: 0.162 test_top1: 6.600
e: 241 loss: 0.009 train_err: 0.170 test_top1: 6.550
e: 242 loss: 0.008 train_err: 0.132 test_top1: 6.580
e: 243 loss: 0.008 train_err: 0.152 test_top1: 6.670
e: 244 loss: 0.008 train_err: 0.174 test_top1: 6.620
e: 245 loss: 0.008 train_err: 0.148 test_top1: 6.580
e: 246 loss: 0.008 train_err: 0.170 test_top1: 6.510
e: 247 loss: 0.007 train_err: 0.146 test_top1: 6.670
e: 248 loss: 0.006 train_err: 0.088 test_top1: 6.500
e: 249 loss: 0.006 train_err: 0.094 test_top1: 6.470
e: 250 loss: 0.007 train_err: 0.130 test_top1: 6.460
e: 251 loss: 0.006 train_err: 0.076 test_top1: 6.500
e: 252 loss: 0.006 train_err: 0.112 test_top1: 6.680
e: 253 loss: 0.006 train_err: 0.110 test_top1: 6.640
e: 254 loss: 0.006 train_err: 0.088 test_top1: 6.440
e: 255 loss: 0.006 train_err: 0.104 test_top1: 6.400
e: 256 loss: 0.005 train_err: 0.072 test_top1: 6.490
e: 257 loss: 0.006 train_err: 0.116 test_top1: 6.420
e: 258 loss: 0.006 train_err: 0.106 test_top1: 6.630
e: 259 loss: 0.006 train_err: 0.092 test_top1: 6.560
e: 260 loss: 0.006 train_err: 0.120 test_top1: 6.480
e: 261 loss: 0.006 train_err: 0.096 test_top1: 6.560
e: 262 loss: 0.005 train_err: 0.066 test_top1: 6.630
e: 263 loss: 0.005 train_err: 0.104 test_top1: 6.480
e: 264 loss: 0.005 train_err: 0.070 test_top1: 6.440
e: 265 loss: 0.005 train_err: 0.080 test_top1: 6.360
e: 266 loss: 0.005 train_err: 0.078 test_top1: 6.550
e: 267 loss: 0.005 train_err: 0.078 test_top1: 6.530
e: 268 loss: 0.005 train_err: 0.072 test_top1: 6.730
e: 269 loss: 0.005 train_err: 0.086 test_top1: 6.650
e: 270 loss: 0.005 train_err: 0.078 test_top1: 6.580
e: 271 loss: 0.005 train_err: 0.080 test_top1: 6.350
e: 272 loss: 0.004 train_err: 0.064 test_top1: 6.500
e: 273 loss: 0.004 train_err: 0.070 test_top1: 6.450
e: 274 loss: 0.005 train_err: 0.076 test_top1: 6.420
e: 275 loss: 0.005 train_err: 0.070 test_top1: 6.370
e: 276 loss: 0.004 train_err: 0.054 test_top1: 6.440
e: 277 loss: 0.004 train_err: 0.058 test_top1: 6.540
e: 278 loss: 0.004 train_err: 0.050 test_top1: 6.440
e: 279 loss: 0.004 train_err: 0.050 test_top1: 6.410
e: 280 loss: 0.004 train_err: 0.064 test_top1: 6.440
e: 281 loss: 0.004 train_err: 0.038 test_top1: 6.430
e: 282 loss: 0.004 train_err: 0.042 test_top1: 6.390
e: 283 loss: 0.004 train_err: 0.048 test_top1: 6.370
e: 284 loss: 0.004 train_err: 0.048 test_top1: 6.250
e: 285 loss: 0.004 train_err: 0.054 test_top1: 6.350
e: 286 loss: 0.004 train_err: 0.040 test_top1: 6.350
e: 287 loss: 0.004 train_err: 0.048 test_top1: 6.350
e: 288 loss: 0.004 train_err: 0.034 test_top1: 6.550
e: 289 loss: 0.004 train_err: 0.082 test_top1: 6.300
e: 290 loss: 0.004 train_err: 0.056 test_top1: 6.310
e: 291 loss: 0.004 train_err: 0.046 test_top1: 6.320
e: 292 loss: 0.004 train_err: 0.042 test_top1: 6.450
e: 293 loss: 0.004 train_err: 0.078 test_top1: 6.400
e: 294 loss: 0.004 train_err: 0.062 test_top1: 6.420
e: 295 loss: 0.004 train_err: 0.046 test_top1: 6.330
e: 296 loss: 0.004 train_err: 0.050 test_top1: 6.350
e: 297 loss: 0.004 train_err: 0.028 test_top1: 6.330
e: 298 loss: 0.004 train_err: 0.066 test_top1: 6.390
e: 299 loss: 0.004 train_err: 0.050 test_top1: 6.350
e: 300 loss: 0.004 train_err: 0.052 test_top1: 6.340
